<?xml version="1.0" ?>
<!DOCTYPE coverage SYSTEM "http://cobertura.sourceforge.net/xml/coverage-04.dtd">
<coverage lines-valid="63"  lines-covered="24"  line-rate="0.381"  branches-valid="18"  branches-covered="5"  branch-rate="0.2778"  timestamp="1361961619874" complexity="0" version="0.1">
<sources />
<packages>
	<package name="sources.com.company"  line-rate="0.31579999999999997"  branch-rate="0.1875" >
	<classes>
		<class name="Car.js"  filename="sources/com/company/Car.js"  line-rate="0.5832999999999999"  branch-rate="0.5" >
		<methods>
			<method name="(anonymous_1)"  hits="3"  signature="()V"  />
			<method name="(anonymous_2)"  hits="1"  signature="()V"  />
			<method name="(anonymous_3)"  hits="1"  signature="()V"  />
			<method name="(anonymous_4)"  hits="0"  signature="()V"  />
			<method name="(anonymous_5)"  hits="0"  signature="()V"  />
			<method name="(anonymous_6)"  hits="1"  signature="()V"  />
			<method name="(anonymous_7)"  hits="0"  signature="()V"  />
		</methods>
		<lines>
			<line number="1"  hits="1"  branch="false" />
			<line number="2"  hits="3"  branch="false" />
			<line number="3"  hits="3"  branch="false" />
			<line number="4"  hits="3"  branch="false" />
			<line number="5"  hits="3"  branch="false" />
			<line number="6"  hits="3"  branch="false" />
			<line number="9"  hits="1"  branch="false" />
			<line number="12"  hits="1"  branch="false" />
			<line number="16"  hits="1"  branch="true"  condition-coverage="50% (1/2)" />
			<line number="17"  hits="0"  branch="false" />
			<line number="18"  hits="1"  branch="true"  condition-coverage="50% (1/2)" />
			<line number="19"  hits="1"  branch="false" />
			<line number="21"  hits="0"  branch="false" />
			<line number="26"  hits="0"  branch="false" />
			<line number="27"  hits="0"  branch="false" />
			<line number="31"  hits="0"  branch="false" />
			<line number="32"  hits="0"  branch="false" />
			<line number="36"  hits="1"  branch="true"  condition-coverage="50% (1/2)" />
			<line number="37"  hits="0"  branch="false" />
			<line number="38"  hits="0"  branch="false" />
			<line number="39"  hits="0"  branch="false" />
			<line number="41"  hits="1"  branch="false" />
			<line number="42"  hits="1"  branch="false" />
			<line number="47"  hits="0"  branch="false" />
		</lines>
		</class>
		<class name="Truck.js"  filename="sources/com/company/Truck.js"  line-rate="0.15380000000000002"  branch-rate="0" >
		<methods>
			<method name="(anonymous_1)"  hits="0"  signature="()V"  />
			<method name="(anonymous_2)"  hits="0"  signature="()V"  />
			<method name="(anonymous_3)"  hits="0"  signature="()V"  />
		</methods>
		<lines>
			<line number="1"  hits="1"  branch="false" />
			<line number="2"  hits="0"  branch="false" />
			<line number="3"  hits="0"  branch="false" />
			<line number="4"  hits="0"  branch="false" />
			<line number="5"  hits="0"  branch="false" />
			<line number="6"  hits="0"  branch="false" />
			<line number="9"  hits="1"  branch="false" />
			<line number="12"  hits="0"  branch="false" />
			<line number="16"  hits="0"  branch="true"  condition-coverage="0% (0/2)" />
			<line number="17"  hits="0"  branch="false" />
			<line number="18"  hits="0"  branch="true"  condition-coverage="0% (0/2)" />
			<line number="19"  hits="0"  branch="false" />
			<line number="21"  hits="0"  branch="false" />
		</lines>
		</class>
		<class name="Vehicle.js"  filename="sources/com/company/Vehicle.js"  line-rate="0.1"  branch-rate="0" >
		<methods>
			<method name="(anonymous_1)"  hits="0"  signature="()V"  />
			<method name="(anonymous_2)"  hits="0"  signature="()V"  />
			<method name="(anonymous_3)"  hits="0"  signature="()V"  />
			<method name="(anonymous_4)"  hits="0"  signature="()V"  />
			<method name="(anonymous_5)"  hits="0"  signature="()V"  />
		</methods>
		<lines>
			<line number="9"  hits="1"  branch="false" />
			<line number="10"  hits="0"  branch="false" />
			<line number="11"  hits="0"  branch="false" />
			<line number="12"  hits="0"  branch="false" />
			<line number="13"  hits="0"  branch="false" />
			<line number="14"  hits="0"  branch="false" />
			<line number="22"  hits="1"  branch="false" />
			<line number="25"  hits="0"  branch="false" />
			<line number="29"  hits="0"  branch="true"  condition-coverage="0% (0/2)" />
			<line number="30"  hits="0"  branch="false" />
			<line number="31"  hits="0"  branch="true"  condition-coverage="0% (0/2)" />
			<line number="32"  hits="0"  branch="false" />
			<line number="34"  hits="0"  branch="false" />
			<line number="39"  hits="0"  branch="true"  condition-coverage="0% (0/2)" />
			<line number="40"  hits="0"  branch="false" />
			<line number="41"  hits="0"  branch="false" />
			<line number="42"  hits="0"  branch="false" />
			<line number="44"  hits="0"  branch="false" />
			<line number="45"  hits="0"  branch="false" />
			<line number="50"  hits="0"  branch="false" />
		</lines>
		</class>
	</classes>
	</package>
	<package name="sources"  line-rate="1"  branch-rate="1" >
	<classes>
		<class name="Person.js"  filename="sources/Person.js"  line-rate="1"  branch-rate="1" >
		<methods>
			<method name="(anonymous_1)"  hits="2"  signature="()V"  />
			<method name="(anonymous_2)"  hits="2"  signature="()V"  />
		</methods>
		<lines>
			<line number="2"  hits="1"  branch="false" />
			<line number="3"  hits="2"  branch="false" />
			<line number="4"  hits="2"  branch="false" />
			<line number="5"  hits="2"  branch="false" />
			<line number="8"  hits="1"  branch="false" />
			<line number="11"  hits="2"  branch="true"  condition-coverage="100% (2/2)" />
		</lines>
		</class>
	</classes>
	</package>
</packages>
</coverage>
